c:\users\vlado\desktop\cdt401-online-component-repository\cdt401-online-component-repository\app\comreflection\com_inspect\com_inspect\x64\release\com_inspect.pch
c:\users\vlado\desktop\cdt401-online-component-repository\cdt401-online-component-repository\app\comreflection\com_inspect\com_inspect\x64\release\vc140.pdb
c:\users\vlado\desktop\cdt401-online-component-repository\cdt401-online-component-repository\app\comreflection\com_inspect\com_inspect\x64\release\stdafx.obj
c:\users\vlado\desktop\cdt401-online-component-repository\cdt401-online-component-repository\app\comreflection\com_inspect\com_inspect\x64\release\inspect.obj
c:\users\vlado\desktop\cdt401-online-component-repository\cdt401-online-component-repository\app\comreflection\com_inspect\com_inspect\x64\release\com_inspect.obj
c:\users\vlado\desktop\cdt401-online-component-repository\cdt401-online-component-repository\app\comreflection\com_inspect\com_inspect\x64\release\com_inspect_i.obj
c:\users\vlado\desktop\cdt401-online-component-repository\cdt401-online-component-repository\app\comreflection\com_inspect\com_inspect\x64\release\dllmain.obj
c:\users\vlado\desktop\cdt401-online-component-repository\cdt401-online-component-repository\app\comreflection\com_inspect\x64\release\com_inspect.lib
c:\users\vlado\desktop\cdt401-online-component-repository\cdt401-online-component-repository\app\comreflection\com_inspect\x64\release\com_inspect.exp
c:\users\vlado\desktop\cdt401-online-component-repository\cdt401-online-component-repository\app\comreflection\com_inspect\x64\release\com_inspect.dll
c:\users\vlado\desktop\cdt401-online-component-repository\cdt401-online-component-repository\app\comreflection\com_inspect\x64\release\com_inspect.pdb
c:\users\vlado\desktop\cdt401-online-component-repository\cdt401-online-component-repository\app\comreflection\com_inspect\com_inspect\x64\release\com_inspect.tlb
c:\users\vlado\desktop\cdt401-online-component-repository\cdt401-online-component-repository\app\comreflection\com_inspect\com_inspect\com_inspect_p.c
c:\users\vlado\desktop\cdt401-online-component-repository\cdt401-online-component-repository\app\comreflection\com_inspect\com_inspect\com_inspect_i.c
c:\users\vlado\desktop\cdt401-online-component-repository\cdt401-online-component-repository\app\comreflection\com_inspect\com_inspect\com_inspect_i.h
c:\users\vlado\desktop\cdt401-online-component-repository\cdt401-online-component-repository\app\comreflection\com_inspect\com_inspect\x64\release\com_inspect.res
c:\users\vlado\desktop\cdt401-online-component-repository\cdt401-online-component-repository\app\comreflection\com_inspect\com_inspect\x64\release\com_inspect.tlog\cl.command.1.tlog
c:\users\vlado\desktop\cdt401-online-component-repository\cdt401-online-component-repository\app\comreflection\com_inspect\com_inspect\x64\release\com_inspect.tlog\cl.read.1.tlog
c:\users\vlado\desktop\cdt401-online-component-repository\cdt401-online-component-repository\app\comreflection\com_inspect\com_inspect\x64\release\com_inspect.tlog\cl.write.1.tlog
c:\users\vlado\desktop\cdt401-online-component-repository\cdt401-online-component-repository\app\comreflection\com_inspect\com_inspect\x64\release\com_inspect.tlog\com_inspect.write.1u.tlog
c:\users\vlado\desktop\cdt401-online-component-repository\cdt401-online-component-repository\app\comreflection\com_inspect\com_inspect\x64\release\com_inspect.tlog\link.command.1.tlog
c:\users\vlado\desktop\cdt401-online-component-repository\cdt401-online-component-repository\app\comreflection\com_inspect\com_inspect\x64\release\com_inspect.tlog\link.read.1.tlog
c:\users\vlado\desktop\cdt401-online-component-repository\cdt401-online-component-repository\app\comreflection\com_inspect\com_inspect\x64\release\com_inspect.tlog\link.write.1.tlog
c:\users\vlado\desktop\cdt401-online-component-repository\cdt401-online-component-repository\app\comreflection\com_inspect\com_inspect\x64\release\com_inspect.tlog\midl.command.1.tlog
c:\users\vlado\desktop\cdt401-online-component-repository\cdt401-online-component-repository\app\comreflection\com_inspect\com_inspect\x64\release\com_inspect.tlog\midl.read.1.tlog
c:\users\vlado\desktop\cdt401-online-component-repository\cdt401-online-component-repository\app\comreflection\com_inspect\com_inspect\x64\release\com_inspect.tlog\midl.write.1.tlog
c:\users\vlado\desktop\cdt401-online-component-repository\cdt401-online-component-repository\app\comreflection\com_inspect\com_inspect\x64\release\com_inspect.tlog\rc.command.1.tlog
c:\users\vlado\desktop\cdt401-online-component-repository\cdt401-online-component-repository\app\comreflection\com_inspect\com_inspect\x64\release\com_inspect.tlog\rc.read.1.tlog
c:\users\vlado\desktop\cdt401-online-component-repository\cdt401-online-component-repository\app\comreflection\com_inspect\com_inspect\x64\release\com_inspect.tlog\rc.write.1.tlog
